  pch.cpp
  Camera.cpp
  DebugCPP.cpp
  DebugCPP.h
  stb_image.cpp
  main.cpp
  Material.cpp
  Mesh.cpp
  MeshRenderer.cpp
  MinityEngine.cpp
  Scene.cpp
D:\Unity_Projects\Minity\MinityPlugin\MinityPlugin\Scene.cpp(183,41): warning C4267: 'argument': conversion from 'size_t' to '_Ty', possible loss of data
          with
          [
              _Ty=unsigned int
          ]
D:\Unity_Projects\Minity\MinityPlugin\MinityPlugin\Scene.cpp(189,34): warning C4834: discarding return value of function with 'nodiscard' attribute
  InputSystem.cpp
  Renderer.cpp
D:\Unity_Projects\Minity\MinityPlugin\MinityPlugin\Renderer.cpp(71,78): warning C4267: 'argument': conversion from 'size_t' to 'GLsizei', possible loss of data
  Shader.cpp
  Texture.cpp
  Generating Code...
x64\Debug\DebugCPP.obj : warning LNK4042: object specified more than once; extras ignored
     Creating library D:\Unity_Projects\Minity\MinityPlugin\MinityPlugin\x64\Debug\MinityPlugin.lib and object D:\Unity_Projects\Minity\MinityPlugin\MinityPlugin\x64\Debug\MinityPlugin.exp
LINK : warning LNK4098: defaultlib 'LIBCMT' conflicts with use of other libs; use /NODEFAULTLIB:library
glew32s.lib(glew.obj) : warning LNK4099: PDB 'vc120.pdb' was not found with 'glew32s.lib(glew.obj)' or at 'D:\Unity_Projects\Minity\MinityPlugin\MinityPlugin\x64\Debug\vc120.pdb'; linking object as if no debug info
  MinityPlugin.vcxproj -> D:\Unity_Projects\Minity\MinityPlugin\MinityPlugin\x64\Debug\MinityPlugin.dll
          1 file(s) copied.
